<!DOCTYPE html PUBLIC "-//W3C//DTD XHTML 1.1//EN" "https://www.w3.org/TR/xhtml11/DTD/xhtml11.dtd">
<html xmlns="https://www.w3.org/1999/xhtml">
<head>
<meta http-equiv="content-type" content="text/html; charset=UTF-8"/>
<title>TestNG Report</title>
<style type="text/css">table {margin-bottom:10px;border-collapse:collapse;empty-cells:show}th,td {border:1px solid #009;padding:.25em .5em}th {vertical-align:bottom}td {vertical-align:top}table a {font-weight:bold}.stripe td {background-color: #E6EBF9}.num {text-align:right}.passedodd td {background-color: #3F3}.passedeven td {background-color: #0A0}.skippedodd td {background-color: #DDD}.skippedeven td {background-color: #CCC}.failedodd td,.attn {background-color: #F33}.failedeven td,.stripe .attn {background-color: #D00}.stacktrace {white-space:pre;font-family:monospace}.totop {font-size:85%;text-align:center;border-bottom:2px solid #000}.invisible {display:none}</style>
</head>
<body>
<table>
<tr><th>Test</th><th># Passed</th><th># Skipped</th><th># Retried</th><th># Failed</th><th>Time (ms)</th><th>Included Groups</th><th>Excluded Groups</th></tr>
<tr><th colspan="8">Regression</th></tr>
<tr><td><a href="#t0">Group 3</a></td><td class="num">2</td><td class="num">0</td><td class="num">0</td><td class="num">0</td><td class="num">13,904</td><td></td><td></td></tr>
<tr class="stripe"><td><a href="#t1">Group 1</a></td><td class="num">0</td><td class="num">0</td><td class="num">0</td><td class="num attn">1</td><td class="num">18,399</td><td></td><td></td></tr>
<tr><td><a href="#t2">Group 2</a></td><td class="num">0</td><td class="num">0</td><td class="num">0</td><td class="num attn">3</td><td class="num">40,636</td><td></td><td></td></tr>
<tr><th>Total</th><th class="num">2</th><th class="num">0</th><th class="num">0</th><th class="num attn">4</th><th class="num">72,939</th><th colspan="2"></th></tr>
</table>
<table id='summary'><thead><tr><th>Class</th><th>Method</th><th>Start</th><th>Time (ms)</th></tr></thead><tbody><tr><th colspan="4">Regression</th></tr></tbody><tbody id="t0"><tr><th colspan="4">Group 3 &#8212; passed</th></tr><tr class="passedeven"><td rowspan="2">test.global.footer.FooterTest</td><td><a href="#m0">testHomePageFooter</a></td><td rowspan="1">1670949941163</td><td rowspan="1">12142</td></tr><tr class="passedeven"><td><a href="#m1">testLoginPageFooter</a></td><td rowspan="1">1670949953393</td><td rowspan="1">1406</td></tr></tbody>
<tbody id="t1"><tr><th colspan="4">Group 1 &#8212; failed</th></tr><tr class="failedeven"><td rowspan="1">test.computer.BuyingCheapComputerTest</td><td><a href="#m2">testCheapComputerBuying</a></td><td rowspan="1">1670949941201</td><td rowspan="1">17851</td></tr></tbody>
<tbody id="t2"><tr><th colspan="4">Group 2 &#8212; failed</th></tr><tr class="failedeven"><td rowspan="3">test.computer.BuyingStandardComputerTest</td><td><a href="#m3">testStandardComputerBuying</a></td><td rowspan="3">1670949941202</td><td rowspan="3">17847</td></tr><tr class="failedeven"><td><a href="#m4">testStandardComputerBuying</a></td></tr><tr class="failedeven"><td><a href="#m5">testStandardComputerBuying</a></td></tr></tbody>
</table>
<h2>Group 3</h2><h3 id="m0">test.global.footer.FooterTest#testHomePageFooter</h3><table class="result"><tr><th class="invisible"/></tr></table><p class="totop"><a href="#summary">back to summary</a></p>
<h3 id="m1">test.global.footer.FooterTest#testLoginPageFooter</h3><table class="result"><tr><th class="invisible"/></tr></table><p class="totop"><a href="#summary">back to summary</a></p>
<h2>Group 1</h2><h3 id="m2">test.computer.BuyingCheapComputerTest#testCheapComputerBuying</h3><table class="result"><tr class="param"><th>Parameter #1</th></tr><tr class="param stripe"><td>ComputerData{processorType=&apos;Fast&apos;, ram=&apos;8 GB&apos;, os=&apos;null&apos;, hdd=&apos;320 GB&apos;, software=[Image Viever, Other Office Suite]}</td></tr><tr><th>Exception</th></tr><tr><td><div class="stacktrace">org.openqa.selenium.NoSuchElementException: Cannot locate option with text: Hawaii
For documentation on this error, please visit: https://selenium.dev/exceptions/#no_such_element
Build info: version: &apos;4.3.0&apos;, revision: &apos;a4995e2c09*&apos;
System info: host: &apos;LAPTOP-020HTH5G&apos;, ip: &apos;55.5.55.102&apos;, os.name: &apos;Windows 11&apos;, os.arch: &apos;amd64&apos;, os.version: &apos;10.0&apos;, java.version: &apos;11.0.16&apos;
Driver info: driver.version: unknown
	at org.openqa.selenium.support.ui.Select.selectByVisibleText(Select.java:151)
	at models.components.checkout.BillingAddressComponent.selectState(BillingAddressComponent.java:63)
	at test_flows.computer.OrderComputerFlow.inputBillingAddress(OrderComputerFlow.java:162)
	at test.computer.BuyingCheapComputerTest.testCheapComputerBuying(BuyingCheapComputerTest.java:28)
	at java.base/java.util.ArrayList.forEach(ArrayList.java:1541)
	at java.base/java.util.concurrent.FutureTask.run(FutureTask.java:264)
	at java.base/java.util.concurrent.ThreadPoolExecutor.runWorker(ThreadPoolExecutor.java:1128)
	at java.base/java.util.concurrent.ThreadPoolExecutor$Worker.run(ThreadPoolExecutor.java:628)
	at java.base/java.lang.Thread.run(Thread.java:834)
... Removed 17 stack frames</div></td></tr></table><p class="totop"><a href="#summary">back to summary</a></p>
<h2>Group 2</h2><h3 id="m3">test.computer.BuyingStandardComputerTest#testStandardComputerBuying</h3><table class="result"><tr class="param"><th>Parameter #1</th></tr><tr class="param stripe"><td>ComputerData{processorType=&apos;2.2GHz&apos;, ram=&apos;8GB&apos;, os=&apos;Ubuntu&apos;, hdd=&apos;400 GB&apos;, software=[]}</td></tr><tr><th>Exception</th></tr><tr><td><div class="stacktrace">org.openqa.selenium.NoSuchElementException: Cannot locate option with text: Hawaii
For documentation on this error, please visit: https://selenium.dev/exceptions/#no_such_element
Build info: version: &apos;4.3.0&apos;, revision: &apos;a4995e2c09*&apos;
System info: host: &apos;LAPTOP-020HTH5G&apos;, ip: &apos;55.5.55.102&apos;, os.name: &apos;Windows 11&apos;, os.arch: &apos;amd64&apos;, os.version: &apos;10.0&apos;, java.version: &apos;11.0.16&apos;
Driver info: driver.version: unknown
	at org.openqa.selenium.support.ui.Select.selectByVisibleText(Select.java:151)
	at models.components.checkout.BillingAddressComponent.selectState(BillingAddressComponent.java:63)
	at test_flows.computer.OrderComputerFlow.inputBillingAddress(OrderComputerFlow.java:162)
	at test.computer.BuyingStandardComputerTest.testStandardComputerBuying(BuyingStandardComputerTest.java:28)
	at java.base/java.util.ArrayList.forEach(ArrayList.java:1541)
	at java.base/java.util.concurrent.FutureTask.run(FutureTask.java:264)
	at java.base/java.util.concurrent.ThreadPoolExecutor.runWorker(ThreadPoolExecutor.java:1128)
	at java.base/java.util.concurrent.ThreadPoolExecutor$Worker.run(ThreadPoolExecutor.java:628)
	at java.base/java.lang.Thread.run(Thread.java:834)
... Removed 17 stack frames</div></td></tr></table><p class="totop"><a href="#summary">back to summary</a></p>
<h3 id="m4">test.computer.BuyingStandardComputerTest#testStandardComputerBuying</h3><table class="result"><tr class="param"><th>Parameter #1</th></tr><tr class="param stripe"><td>ComputerData{processorType=&apos;2.2GHz&apos;, ram=&apos;2GB&apos;, os=&apos;Windows 10&apos;, hdd=&apos;320 GB&apos;, software=[Total Commander]}</td></tr><tr><th>Exception</th></tr><tr><td><div class="stacktrace">org.openqa.selenium.NoSuchElementException: Cannot locate option with text: Hawaii
For documentation on this error, please visit: https://selenium.dev/exceptions/#no_such_element
Build info: version: &apos;4.3.0&apos;, revision: &apos;a4995e2c09*&apos;
System info: host: &apos;LAPTOP-020HTH5G&apos;, ip: &apos;55.5.55.102&apos;, os.name: &apos;Windows 11&apos;, os.arch: &apos;amd64&apos;, os.version: &apos;10.0&apos;, java.version: &apos;11.0.16&apos;
Driver info: driver.version: unknown
	at org.openqa.selenium.support.ui.Select.selectByVisibleText(Select.java:151)
	at models.components.checkout.BillingAddressComponent.selectState(BillingAddressComponent.java:63)
	at test_flows.computer.OrderComputerFlow.inputBillingAddress(OrderComputerFlow.java:162)
	at test.computer.BuyingStandardComputerTest.testStandardComputerBuying(BuyingStandardComputerTest.java:28)
	at java.base/java.util.ArrayList.forEach(ArrayList.java:1541)
	at java.base/java.util.concurrent.FutureTask.run(FutureTask.java:264)
	at java.base/java.util.concurrent.ThreadPoolExecutor.runWorker(ThreadPoolExecutor.java:1128)
	at java.base/java.util.concurrent.ThreadPoolExecutor$Worker.run(ThreadPoolExecutor.java:628)
	at java.base/java.lang.Thread.run(Thread.java:834)
... Removed 17 stack frames</div></td></tr></table><p class="totop"><a href="#summary">back to summary</a></p>
<h3 id="m5">test.computer.BuyingStandardComputerTest#testStandardComputerBuying</h3><table class="result"><tr class="param"><th>Parameter #1</th></tr><tr class="param stripe"><td>ComputerData{processorType=&apos;2.5GHz&apos;, ram=&apos;4GB&apos;, os=&apos;Windows 7&apos;, hdd=&apos;320 GB&apos;, software=[Microsoft Office, Acrobat Reader, Total Commander]}</td></tr><tr><th>Exception</th></tr><tr><td><div class="stacktrace">org.openqa.selenium.NoSuchElementException: Cannot locate option with text: Hawaii
For documentation on this error, please visit: https://selenium.dev/exceptions/#no_such_element
Build info: version: &apos;4.3.0&apos;, revision: &apos;a4995e2c09*&apos;
System info: host: &apos;LAPTOP-020HTH5G&apos;, ip: &apos;55.5.55.102&apos;, os.name: &apos;Windows 11&apos;, os.arch: &apos;amd64&apos;, os.version: &apos;10.0&apos;, java.version: &apos;11.0.16&apos;
Driver info: driver.version: unknown
	at org.openqa.selenium.support.ui.Select.selectByVisibleText(Select.java:151)
	at models.components.checkout.BillingAddressComponent.selectState(BillingAddressComponent.java:63)
	at test_flows.computer.OrderComputerFlow.inputBillingAddress(OrderComputerFlow.java:162)
	at test.computer.BuyingStandardComputerTest.testStandardComputerBuying(BuyingStandardComputerTest.java:28)
	at java.base/java.util.ArrayList.forEach(ArrayList.java:1541)
	at java.base/java.util.concurrent.FutureTask.run(FutureTask.java:264)
	at java.base/java.util.concurrent.ThreadPoolExecutor.runWorker(ThreadPoolExecutor.java:1128)
	at java.base/java.util.concurrent.ThreadPoolExecutor$Worker.run(ThreadPoolExecutor.java:628)
	at java.base/java.lang.Thread.run(Thread.java:834)
... Removed 17 stack frames</div></td></tr></table><p class="totop"><a href="#summary">back to summary</a></p>
</body>
</html>
